[2024-06-08 01:26:17: INFO:config: PyTorch version 2.3.1 available.]
[2024-06-08 01:26:23: INFO:sentiment_model_trainer: >>>>>> stage: Data Ingestion stage started <<<<<<]
[2024-06-08 01:26:23: INFO:common: yaml file: config\config.yaml loaded successfully]
[2024-06-08 01:26:23: INFO:common: yaml file: params.yaml loaded successfully]
[2024-06-08 01:26:23: INFO:common: created directory at: artifacts]
[2024-06-08 01:26:23: INFO:common: created directory at: artifacts/data_ingestion]
[2024-06-08 01:26:31: INFO:data_ingestion: Dataset downloaded from kaggle]
[2024-06-08 01:26:38: INFO:data_ingestion: Successfully created arrow dataset]
[2024-06-08 01:26:38: INFO:sentiment_model_trainer: >>>>>> stage: Data Ingestion stage completed <<<<<<

x===============================x]
[2024-06-08 01:26:38: INFO:sentiment_model_trainer: >>>>>> stage: Data Validation stage started <<<<<<]
[2024-06-08 01:26:38: INFO:common: yaml file: config\config.yaml loaded successfully]
[2024-06-08 01:26:38: INFO:common: yaml file: params.yaml loaded successfully]
[2024-06-08 01:26:38: INFO:common: created directory at: artifacts]
[2024-06-08 01:26:38: INFO:common: created directory at: artifacts/data_validation]
[2024-06-08 01:26:38: INFO:data_validation: Validation status: True]
[2024-06-08 01:26:38: INFO:sentiment_model_trainer: >>>>>> stage: Data Validation stage completed <<<<<<

x===============================x]
[2024-06-08 01:26:38: INFO:sentiment_model_trainer: >>>>>> stage: Sentiment Data Transformation stage started <<<<<<]
[2024-06-08 01:26:38: INFO:common: yaml file: config\config.yaml loaded successfully]
[2024-06-08 01:26:38: INFO:common: yaml file: params.yaml loaded successfully]
[2024-06-08 01:26:38: INFO:common: created directory at: artifacts]
[2024-06-08 01:26:38: INFO:common: created directory at: artifacts/data_transformation]
[2024-06-08 01:26:39: INFO:data_transformation_sentiment: Successfully saved train dataloader to artifacts/data_transformation]
[2024-06-08 01:26:39: INFO:data_transformation_sentiment: Successfully saved test dataloader to artifacts/data_transformation]
[2024-06-08 01:26:39: INFO:sentiment_model_trainer: >>>>>> stage: Sentiment Data Transformation stage completed <<<<<<

x===============================x]
[2024-06-08 01:26:39: INFO:sentiment_model_trainer: >>>>>> stage: Model Trainer & Evaluation stage started <<<<<<]
[2024-06-08 01:26:39: INFO:common: yaml file: config\config.yaml loaded successfully]
[2024-06-08 01:26:39: INFO:common: yaml file: params.yaml loaded successfully]
[2024-06-08 01:26:39: INFO:common: created directory at: artifacts]
[2024-06-08 01:26:39: INFO:common: created directory at: artifacts/model_trainer/sentiment/model]
